This is pdfTeX, Version 3.14159265-2.6-1.40.20 (TeX Live 2019/Arch Linux) (preloaded format=pdflatex 2019.9.5)  14 SEP 2019 16:02
entering extended mode
 restricted \write18 enabled.
 file:line:error style messages enabled.
 %&-line parsing enabled.
**journal.tex
(./journal.tex
LaTeX2e <2018-12-01>
(/usr/share/texmf-dist/tex/latex/base/article.cls
Document Class: article 2018/09/03 v1.4i Standard LaTeX document class
(/usr/share/texmf-dist/tex/latex/base/size11.clo
File: size11.clo 2018/09/03 v1.4i Standard LaTeX file (size option)
)
\c@part=\count80
\c@section=\count81
\c@subsection=\count82
\c@subsubsection=\count83
\c@paragraph=\count84
\c@subparagraph=\count85
\c@figure=\count86
\c@table=\count87
\abovecaptionskip=\skip41
\belowcaptionskip=\skip42
\bibindent=\dimen102
) (/usr/share/texmf-dist/tex/latex/geometry/geometry.sty
Package: geometry 2018/04/16 v5.8 Page Geometry
 (/usr/share/texmf-dist/tex/latex/graphics/keyval.sty
Package: keyval 2014/10/28 v1.15 key=value parser (DPC)
\KV@toks@=\toks14
) (/usr/share/texmf-dist/tex/generic/oberdiek/ifpdf.sty
Package: ifpdf 2018/09/07 v3.3 Provides the ifpdf switch
) (/usr/share/texmf-dist/tex/generic/oberdiek/ifvtex.sty
Package: ifvtex 2016/05/16 v1.6 Detect VTeX and its facilities (HO)
Package ifvtex Info: VTeX not detected.
) (/usr/share/texmf-dist/tex/generic/ifxetex/ifxetex.sty
Package: ifxetex 2010/09/12 v0.6 Provides ifxetex conditional
)
\Gm@cnth=\count88
\Gm@cntv=\count89
\c@Gm@tempcnt=\count90
\Gm@bindingoffset=\dimen103
\Gm@wd@mp=\dimen104
\Gm@odd@mp=\dimen105
\Gm@even@mp=\dimen106
\Gm@layoutwidth=\dimen107
\Gm@layoutheight=\dimen108
\Gm@layouthoffset=\dimen109
\Gm@layoutvoffset=\dimen110
\Gm@dimlist=\toks15
) (/usr/share/texmf-dist/tex/latex/psnfss/palatino.sty
Package: palatino 2005/04/12 PSNFSS-v9.2a (SPQR) 
) (./journal.aux)
\openout1 = `journal.aux'.

LaTeX Font Info:    Checking defaults for OML/cmm/m/it on input line 23.
LaTeX Font Info:    ... okay on input line 23.
LaTeX Font Info:    Checking defaults for T1/cmr/m/n on input line 23.
LaTeX Font Info:    ... okay on input line 23.
LaTeX Font Info:    Checking defaults for OT1/cmr/m/n on input line 23.
LaTeX Font Info:    ... okay on input line 23.
LaTeX Font Info:    Checking defaults for OMS/cmsy/m/n on input line 23.
LaTeX Font Info:    ... okay on input line 23.
LaTeX Font Info:    Checking defaults for OMX/cmex/m/n on input line 23.
LaTeX Font Info:    ... okay on input line 23.
LaTeX Font Info:    Checking defaults for U/cmr/m/n on input line 23.
LaTeX Font Info:    ... okay on input line 23.
LaTeX Font Info:    Try loading font information for OT1+ppl on input line 23.
 (/usr/share/texmf-dist/tex/latex/psnfss/ot1ppl.fd
File: ot1ppl.fd 2001/06/04 font definitions for OT1/ppl.
)
*geometry* driver: auto-detecting
*geometry* detected driver: pdftex
*geometry* verbose mode - [ preamble ] result:
* driver: pdftex
* paper: custom
* layout: <same size as paper>
* layoutoffset:(h,v)=(0.0pt,0.0pt)
* modes: 
* h-part:(L,W,R)=(72.26999pt, 469.75502pt, 72.26999pt)
* v-part:(T,H,B)=(72.26999pt, 650.43001pt, 72.26999pt)
* \paperwidth=614.295pt
* \paperheight=794.96999pt
* \textwidth=469.75502pt
* \textheight=650.43001pt
* \oddsidemargin=0.0pt
* \evensidemargin=0.0pt
* \topmargin=-37.0pt
* \headheight=12.0pt
* \headsep=25.0pt
* \topskip=11.0pt
* \footskip=30.0pt
* \marginparwidth=59.0pt
* \marginparsep=10.0pt
* \columnsep=10.0pt
* \skip\footins=10.0pt plus 4.0pt minus 2.0pt
* \hoffset=0.0pt
* \voffset=0.0pt
* \mag=1000
* \@twocolumnfalse
* \@twosidefalse
* \@mparswitchfalse
* \@reversemarginfalse
* (1in=72.27pt=25.4mm, 1cm=28.453pt)

LaTeX Font Info:    Font shape `OT1/ppl/bx/n' in size <14.4> not available
(Font)              Font shape `OT1/ppl/b/n' tried instead on input line 38.
LaTeX Font Info:    Font shape `OT1/ppl/bx/n' in size <12> not available
(Font)              Font shape `OT1/ppl/b/n' tried instead on input line 41.
[1

{/var/lib/texmf/fonts/map/pdftex/updmap/pdftex.map}]
LaTeX Font Info:    External font `cmex10' loaded for size
(Font)              <10.95> on input line 57.
LaTeX Font Info:    External font `cmex10' loaded for size
(Font)              <8> on input line 57.
LaTeX Font Info:    External font `cmex10' loaded for size
(Font)              <6> on input line 57.
LaTeX Font Info:    Font shape `OT1/ppl/bx/n' in size <10.95> not available
(Font)              Font shape `OT1/ppl/b/n' tried instead on input line 59.

Underfull \hbox (badness 5802) in paragraph at lines 61--61
[]\OT1/ppl/m/n/10.95 Get elas-tic trans-la-tional col-li-sions
 []


Underfull \hbox (badness 10000) in paragraph at lines 65--65
[]\OT1/ppl/m/n/10.95 Persistent col-li-sions and grav-
 []


Underfull \hbox (badness 3138) in paragraph at lines 67--67
[]\OT1/ppl/m/n/10.95 Today plus 1
 []


Underfull \hbox (badness 3138) in paragraph at lines 69--69
[]\OT1/ppl/m/n/10.95 Today plus 2
 []


Underfull \hbox (badness 10000) in paragraph at lines 76--78

 []


Underfull \hbox (badness 10000) in paragraph at lines 79--80

 []


Underfull \hbox (badness 10000) in paragraph at lines 81--82

 []

LaTeX Font Info:    Try loading font information for OT1+pcr on input line 85.
(/usr/share/texmf-dist/tex/latex/psnfss/ot1pcr.fd
File: ot1pcr.fd 2001/06/04 font definitions for OT1/pcr.
)
Overfull \hbox (22.99438pt too wide) in paragraph at lines 115--115
[]                \OT1/pcr/m/n/10.95 let ang_z_comp1 = (r1.x * normal.y - r1.y * normal.x) / I1;[] 
 []

[2]
Overfull \hbox (22.99438pt too wide) in paragraph at lines 115--115
[]                \OT1/pcr/m/n/10.95 let ang_z_comp2 = (r2.x * normal.y - r2.y * normal.x) / I2;[] 
 []


Overfull \hbox (128.11426pt too wide) in paragraph at lines 115--115
[]                \OT1/pcr/m/n/10.95 let z_comp_moment_1 = Vector::new(-r1.y * ang_z_comp1, r1.x * ang_z_comp1);[] 
 []


Overfull \hbox (128.11426pt too wide) in paragraph at lines 115--115
[]                \OT1/pcr/m/n/10.95 let z_comp_moment_2 = Vector::new(-r2.y * ang_z_comp2, r2.x * ang_z_comp2);[] 
 []


Overfull \hbox (75.55432pt too wide) in paragraph at lines 140--140
[]        \OT1/pcr/m/n/10.95 ObjectData::Rectangle([10.0, 0.], [0., 0.], 19.5, 0.2).with_mass(INFINITY),[] 
 []


Overfull \hbox (82.12431pt too wide) in paragraph at lines 140--140
[]        \OT1/pcr/m/n/10.95 ObjectData::Rectangle([10.0, 20.], [0., 0.], 19.5, 0.2).with_mass(INFINITY),[] 
 []


Overfull \hbox (75.55432pt too wide) in paragraph at lines 140--140
[]        \OT1/pcr/m/n/10.95 ObjectData::Rectangle([0.0, 10.], [0., 0.], 0.2, 19.5).with_mass(INFINITY),[] 
 []


Overfull \hbox (82.12431pt too wide) in paragraph at lines 140--140
[]        \OT1/pcr/m/n/10.95 ObjectData::Rectangle([20.0, 10.], [0., 0.], 0.2, 19.5).with_mass(INFINITY),[] 
 []


Overfull \hbox (3.28441pt too wide) in paragraph at lines 140--140
[]        \OT1/pcr/m/n/10.95 // ObjectData::Square([18., 13.], [-0.5, 0.], 1.).rotate(PI/4.),[] 
 []


Overfull \hbox (9.8544pt too wide) in paragraph at lines 140--140
[]        \OT1/pcr/m/n/10.95 ObjectData::Circle([2.5, 15.], [0.12, 0.0], 1.0).with_mass(15.0),[] 
 []


Overfull \hbox (220.09415pt too wide) in paragraph at lines 140--140
[]        \OT1/pcr/m/n/10.95 ObjectData::Rectangle([5., 12.0], [0.1, 0.2], 1.0, 1.0).with_mass(6.0).with_color([20, 240, 20]),[] 
 []


Overfull \hbox (88.6943pt too wide) in paragraph at lines 140--140
[]        \OT1/pcr/m/n/10.95 ObjectData::Rectangle([15.0, 15.0], [-0.25, -0.0], 2.0, 2.0).with_mass(25.0),[] 
 []


Overfull \hbox (180.6742pt too wide) in paragraph at lines 140--140
[]        \OT1/pcr/m/n/10.95 // ObjectData::Rectangle([5.0, 5.], [-0.5, 0.], 1.0, 2.25).rotate(PI / 5.).with_mass(25.0),[] 
 []


Overfull \hbox (95.2643pt too wide) in paragraph at lines 140--140
[]        \OT1/pcr/m/n/10.95 // ObjectData::Rectangle([15.0, 11.], [-0.5, 0.0], 1.0, 1.25).with_mass(12.0),[] 
 []


Overfull \hbox (141.25424pt too wide) in paragraph at lines 140--140
[]        \OT1/pcr/m/n/10.95 ObjectData::Rectangle([3.0, 5.], [0.0, -0.1], 1.0, 2.25).with_mass(15.0).rotate(0.2),[] 
 []


Overfull \hbox (49.27435pt too wide) in paragraph at lines 140--140
[]        \OT1/pcr/m/n/10.95 // ObjectData::Convex([10.0, 10.], [-2., 0.], &points).rotate(PI / 3.),[] 
 []

[3] (./journal.aux) ) 
Here is how much of TeX's memory you used:
 844 strings out of 492623
 11422 string characters out of 6135670
 82546 words of memory out of 5000000
 4798 multiletter control sequences out of 15000+600000
 12492 words of font info for 36 fonts, out of 8000000 for 9000
 1141 hyphenation exceptions out of 8191
 23i,8n,19p,726b,244s stack positions out of 5000i,500n,10000p,200000b,80000s
{/usr/share/texmf-dist/fonts/enc/dvips/base/8r.enc}</usr/share/texmf-dist/fonts/type1/urw/courier/ucrr8a.pfb></usr/share/texmf-dist/fonts/type1/urw/palatino/uplb8a.pfb></usr/share/texmf-dist/fonts/type1/urw/palatino/uplr8a.pfb>
Output written on journal.pdf (3 pages, 60359 bytes).
PDF statistics:
 27 PDF objects out of 1000 (max. 8388607)
 18 compressed objects within 1 object stream
 0 named destinations out of 1000 (max. 500000)
 1 words of extra memory for PDF output out of 10000 (max. 10000000)

